<html>
<body>
<pre>
<h1>µVision Build Log</h1>
<h2>Tool Versions:</h2>
IDE-Version: ¦ÌVision V5.38.0.0
Copyright (C) 2022 ARM Ltd and ARM Germany GmbH. All rights reserved.
License Information: 1 1, 1, LIC=ATTQ1-CQI2H-8TY3P-MV6MM-8VHYY-L51VI
 
Tool Versions:
Toolchain:       MDK-ARM Plus  Version: 5.38.0.0
Toolchain Path:  C:\Keil_v5\ARM\ARMCC\Bin
C Compiler:      Armcc.exe V5.06 update 7 (build 960)
Assembler:       Armasm.exe V5.06 update 7 (build 960)
Linker/Locator:  ArmLink.exe V5.06 update 7 (build 960)
Library Manager: ArmAr.exe V5.06 update 7 (build 960)
Hex Converter:   FromElf.exe V5.06 update 7 (build 960)
CPU DLL:         
Dialog DLL:      
Target DLL:      Segger\JL2CM3.dll V2.99.42.0
Dialog DLL:      TCM.DLL V1.56.4.0
 
<h2>Project:</h2>
C:\Users\nyjy\Desktop\nrf52840\test\GPIO_UART\examples\ble_peripheral\main.uvprojx
Project File Date:  08/04/2023

<h2>Output:</h2>
*** Using Compiler 'V5.06 update 7 (build 960)', folder: 'C:\Keil_v5\ARM\ARMCC\Bin'
Rebuild target 'Target 1'
assembling arm_startup_nrf52840.s...
compiling app_uart_fifo.c...
compiling app_fifo.c...
compiling retarget.c...
compiling system_nrf52.c...
compiling nrf_drv_uart.c...
..\..\integration\nrfx\legacy\nrf_drv_uart.h(122): error:  #20: identifier "nrf_uarte_baudrate_t" is undefined
      typedef nrf_uarte_baudrate_t        nrf_uart_baudrate_t;
..\..\integration\nrfx\legacy\nrf_drv_uart.h(127): error:  #20: identifier "nrf_uarte_error_mask_t" is undefined
      typedef nrf_uarte_error_mask_t      nrf_uart_error_mask_t;
..\..\integration\nrfx\legacy\nrf_drv_uart.h(130): error:  #20: identifier "nrf_uarte_hwfc_t" is undefined
      typedef nrf_uarte_hwfc_t            nrf_uart_hwfc_t;
..\..\integration\nrfx\legacy\nrf_drv_uart.h(133): error:  #20: identifier "nrf_uarte_parity_t" is undefined
      typedef nrf_uarte_parity_t          nrf_uart_parity_t;
..\..\integration\nrfx\legacy\nrf_drv_uart.h(134): error:  #20: identifier "nrf_uarte_task_t" is undefined
      typedef nrf_uarte_task_t            nrf_uart_task_t;
..\..\integration\nrfx\legacy\nrf_drv_uart.h(135): error:  #20: identifier "nrf_uarte_event_t" is undefined
      typedef nrf_uarte_event_t           nrf_uart_event_t;
KB: Unexpected type: 0
<error type>KB: Unexpected type: 0
<error type>KB: Unexpected type: 0
<error type>KB: Unexpected type: 0
error type>(124): warning:  #550-D: variable "config"  was set but never used
      nrf_drv_uart_config_t config = *p_config;
..\..\drive\nrf_drv_uart.c(49): warning:  #550-D: variable "m_handlers"  was set but never used
  static nrf_uart_event_handler_t m_handlers[INSTANCE_COUNT];
..\..\drive\nrf_drv_uart.c(50): warning:  #550-D: variable "m_contexts"  was set but never used
  static void *                   m_contexts[INSTANCE_COUNT];
..\..\drive\nrf_drv_uart.c: 3 warnings, 6 errors
compiling nrfx_uarte.c...
compiling nrfx_prs.c...
compiling nrfx_uart.c...
compiling boards.c...
compiling main.c...
".\Objects\main.axf" - 6 Error(s), 3 Warning(s).

<h2>Software Packages used:</h2>

Package Vendor: ARM
                http://www.keil.com/pack/ARM.CMSIS.5.9.0.pack
                ARM.CMSIS.5.9.0
                CMSIS (Common Microcontroller Software Interface Standard)
   * Component: CORE Version: 5.6.0

Package Vendor: NordicSemiconductor
                http://developer.nordicsemi.com/nRF5_SDK/pieces/nRF_DeviceFamilyPack/NordicSemiconductor.nRF_DeviceFamilyPack.8.44.1.pack
                NordicSemiconductor.nRF_DeviceFamilyPack.8.44.1
                Nordic Semiconductor nRF ARM devices Device Family Pack with BSD license.
   * Component: Startup Version: 8.44.1

<h2>Collection of Component include folders:</h2>
  ./RTE/_Target_1
  C:/Users/nyjy/AppData/Local/Arm/Packs/ARM/CMSIS/5.9.0/CMSIS/Core/Include
  C:/Users/nyjy/AppData/Local/Arm/Packs/NordicSemiconductor/nRF_DeviceFamilyPack/8.44.1/Device/Include

<h2>Collection of Component Files used:</h2>

   * Component: ARM::CMSIS:CORE:5.6.0

   * Component: NordicSemiconductor::Device:Startup:8.44.1
      Source file:   Device/Source/arm/arm_startup_nrf52840.s
      Source file:   Device/Source/system_nrf52.c
      Include file:  Device/Include/system_nrf52840.h
      Include file:  Device/Include/system_nrf.h
Target not created.
Build Time Elapsed:  00:00:02
</pre>
</body>
</html>
